# JRE version: OpenJDK Runtime Environment Corretto-17.0.11.9.1 (17.0.11+9) (build 17.0.11+9-LTS)
# Java VM: OpenJDK 64-Bit Server VM Corretto-17.0.11.9.1 (17.0.11+9-LTS, mixed mode, sharing, tiered, compressed oops, compressed class ptrs, g1 gc, windows-amd64)
GC Precious Log:
 CPUs: 4 total, 4 available
 Memory: 8039M
 Large Page Support: Disabled
 NUMA Support: Disabled
 Compressed Oops: Enabled (32-bit)
 Heap Region Size: 1M
 Heap Min Capacity: 8M
 Heap Initial Capacity: 126M
 Heap Max Capacity: 2010M
 Pre-touch: Disabled
 Parallel Workers: 4
 Concurrent Workers: 1
 Concurrent Refinement Workers: 4
 Periodic GC: Disabled
Heap:
 garbage-first heap   total 65536K, used 39602K [0x0000000082600000, 0x0000000100000000)
  region size 1024K, 7 young (7168K), 3 survivors (3072K)
 Metaspace       used 75978K, committed 76608K, reserved 1179648K
  class space    used 10254K, committed 10560K, reserved 1048576K
GC Heap History (20 events):
Event: 42.293 GC heap before
{Heap before GC invocations=21 (full 0):
 garbage-first heap   total 53248K, used 40262K [0x0000000082600000, 0x0000000100000000)
  region size 1024K, 15 young (15360K), 2 survivors (2048K)
 Metaspace       used 46237K, committed 46784K, reserved 1114112K
  class space    used 6056K, committed 6336K, reserved 1048576K
}
Event: 42.297 GC heap after
{Heap after GC invocations=22 (full 0):
 garbage-first heap   total 53248K, used 28574K [0x0000000082600000, 0x0000000100000000)
  region size 1024K, 2 young (2048K), 2 survivors (2048K)
 Metaspace       used 46237K, committed 46784K, reserved 1114112K
  class space    used 6056K, committed 6336K, reserved 1048576K
}
Event: 43.601 GC heap before
{Heap before GC invocations=22 (full 0):
 garbage-first heap   total 53248K, used 42910K [0x0000000082600000, 0x0000000100000000)
  region size 1024K, 16 young (16384K), 2 survivors (2048K)
 Metaspace       used 49738K, committed 50240K, reserved 1114112K
  class space    used 6634K, committed 6912K, reserved 1048576K
}
Event: 43.606 GC heap after
{Heap after GC invocations=23 (full 0):
 garbage-first heap   total 53248K, used 29248K [0x0000000082600000, 0x0000000100000000)
  region size 1024K, 2 young (2048K), 2 survivors (2048K)
 Metaspace       used 49738K, committed 50240K, reserved 1114112K
  class space    used 6634K, committed 6912K, reserved 1048576K
}
Event: 44.876 GC heap before
{Heap before GC invocations=24 (full 0):
 garbage-first heap   total 53248K, used 41536K [0x0000000082600000, 0x0000000100000000)
  region size 1024K, 15 young (15360K), 2 survivors (2048K)
 Metaspace       used 56729K, committed 57344K, reserved 1114112K
  class space    used 7462K, committed 7744K, reserved 1048576K
}
Event: 44.881 GC heap after
{Heap after GC invocations=25 (full 0):
 garbage-first heap   total 53248K, used 31012K [0x0000000082600000, 0x0000000100000000)
  region size 1024K, 2 young (2048K), 2 survivors (2048K)
 Metaspace       used 56729K, committed 57344K, reserved 1114112K
  class space    used 7462K, committed 7744K, reserved 1048576K
}
Event: 45.836 GC heap before
{Heap before GC invocations=25 (full 0):
 garbage-first heap   total 53248K, used 41252K [0x0000000082600000, 0x0000000100000000)
  region size 1024K, 13 young (13312K), 2 survivors (2048K)
 Metaspace       used 59094K, committed 59584K, reserved 1114112K
  class space    used 7770K, committed 8000K, reserved 1048576K
}
Event: 45.841 GC heap after
{Heap after GC invocations=26 (full 0):
 garbage-first heap   total 53248K, used 32062K [0x0000000082600000, 0x0000000100000000)
  region size 1024K, 1 young (1024K), 1 survivors (1024K)
 Metaspace       used 59094K, committed 59584K, reserved 1114112K
  class space    used 7770K, committed 8000K, reserved 1048576K
}
Event: 47.015 GC heap before
{Heap before GC invocations=27 (full 0):
 garbage-first heap   total 56320K, used 43326K [0x0000000082600000, 0x0000000100000000)
  region size 1024K, 12 young (12288K), 1 survivors (1024K)
 Metaspace       used 61346K, committed 61888K, reserved 1114112K
  class space    used 8064K, committed 8320K, reserved 1048576K
}
Event: 47.019 GC heap after
{Heap after GC invocations=28 (full 0):
 garbage-first heap   total 56320K, used 32503K [0x0000000082600000, 0x0000000100000000)
  region size 1024K, 2 young (2048K), 2 survivors (2048K)
 Metaspace       used 61346K, committed 61888K, reserved 1114112K
  class space    used 8064K, committed 8320K, reserved 1048576K
}
Event: 48.229 GC heap before
{Heap before GC invocations=28 (full 0):
 garbage-first heap   total 56320K, used 44791K [0x0000000082600000, 0x0000000100000000)
  region size 1024K, 15 young (15360K), 2 survivors (2048K)
 Metaspace       used 63939K, committed 64512K, reserved 1114112K
  class space    used 8396K, committed 8640K, reserved 1048576K
}
Event: 48.232 GC heap after
{Heap after GC invocations=29 (full 0):
 garbage-first heap   total 56320K, used 33125K [0x0000000082600000, 0x0000000100000000)
  region size 1024K, 2 young (2048K), 2 survivors (2048K)
 Metaspace       used 63939K, committed 64512K, reserved 1114112K
  class space    used 8396K, committed 8640K, reserved 1048576K
}
Event: 49.301 GC heap before
{Heap before GC invocations=30 (full 0):
 garbage-first heap   total 60416K, used 44389K [0x0000000082600000, 0x0000000100000000)
  region size 1024K, 14 young (14336K), 2 survivors (2048K)
 Metaspace       used 68033K, committed 68544K, reserved 1114112K
  class space    used 9108K, committed 9344K, reserved 1048576K
}
Event: 49.305 GC heap after
{Heap after GC invocations=31 (full 0):
 garbage-first heap   total 60416K, used 33533K [0x0000000082600000, 0x0000000100000000)
  region size 1024K, 2 young (2048K), 2 survivors (2048K)
 Metaspace       used 68033K, committed 68544K, reserved 1114112K
  class space    used 9108K, committed 9344K, reserved 1048576K
}
Event: 50.472 GC heap before
{Heap before GC invocations=31 (full 0):
 garbage-first heap   total 60416K, used 48893K [0x0000000082600000, 0x0000000100000000)
  region size 1024K, 18 young (18432K), 2 survivors (2048K)
 Metaspace       used 70870K, committed 71424K, reserved 1114112K
  class space    used 9546K, committed 9792K, reserved 1048576K
}
Event: 50.476 GC heap after
{Heap after GC invocations=32 (full 0):
 garbage-first heap   total 60416K, used 34158K [0x0000000082600000, 0x0000000100000000)
  region size 1024K, 3 young (3072K), 3 survivors (3072K)
 Metaspace       used 70870K, committed 71424K, reserved 1114112K
  class space    used 9546K, committed 9792K, reserved 1048576K
}
Event: 51.356 GC heap before
{Heap before GC invocations=33 (full 0):
 garbage-first heap   total 63488K, used 48494K [0x0000000082600000, 0x0000000100000000)
  region size 1024K, 17 young (17408K), 3 survivors (3072K)
 Metaspace       used 73609K, committed 74240K, reserved 1114112K
  class space    used 9970K, committed 10240K, reserved 1048576K
}
Event: 51.362 GC heap after
{Heap after GC invocations=34 (full 0):
 garbage-first heap   total 63488K, used 35288K [0x0000000082600000, 0x0000000100000000)
  region size 1024K, 3 young (3072K), 3 survivors (3072K)
 Metaspace       used 73609K, committed 74240K, reserved 1114112K
  class space    used 9970K, committed 10240K, reserved 1048576K
}
Event: 54.338 GC heap before
{Heap before GC invocations=34 (full 0):
 garbage-first heap   total 63488K, used 51672K [0x0000000082600000, 0x0000000100000000)
  region size 1024K, 19 young (19456K), 3 survivors (3072K)
 Metaspace       used 75518K, committed 76096K, reserved 1179648K
  class space    used 10152K, committed 10432K, reserved 1048576K
}
Event: 54.347 GC heap after
{Heap after GC invocations=35 (full 0):
 garbage-first heap   total 63488K, used 36530K [0x0000000082600000, 0x0000000100000000)
  region size 1024K, 3 young (3072K), 3 survivors (3072K)
 Metaspace       used 75518K, committed 76096K, reserved 1179648K
  class space    used 10152K, committed 10432K, reserved 1048576K
}

