# JRE version: OpenJDK Runtime Environment Temurin-17.0.12+7 (17.0.12+7) (build 17.0.12+7)
# Java VM: OpenJDK 64-Bit Server VM Temurin-17.0.12+7 (17.0.12+7, mixed mode, emulated-client, tiered, compressed oops, compressed class ptrs, g1 gc, windows-amd64)
GC Precious Log:
 CPUs: 4 total, 4 available
 Memory: 8039M
 Large Page Support: Disabled
 NUMA Support: Disabled
 Compressed Oops: Enabled (32-bit)
 Heap Region Size: 1M
 Heap Min Capacity: 8M
 Heap Initial Capacity: 126M
 Heap Max Capacity: 1G
 Pre-touch: Disabled
 Parallel Workers: 4
 Concurrent Workers: 1
 Concurrent Refinement Workers: 4
 Periodic GC: Disabled
Heap:
 garbage-first heap   total 71680K, used 26356K [0x00000000c0000000, 0x0000000100000000)
  region size 1024K, 1 young (1024K), 0 survivors (0K)
 Metaspace       used 45131K, committed 45696K, reserved 1114112K
  class space    used 5893K, committed 6144K, reserved 1048576K
GC Heap History (20 events):
Event: 451621.620 GC heap after
{Heap after GC invocations=10696 (full 10667):
 garbage-first heap   total 71680K, used 26343K [0x00000000c0000000, 0x0000000100000000)
  region size 1024K, 0 young (0K), 0 survivors (0K)
 Metaspace       used 45121K, committed 45696K, reserved 1114112K
  class space    used 5892K, committed 6144K, reserved 1048576K
}
Event: 451631.900 GC heap before
{Heap before GC invocations=10696 (full 10667):
 garbage-first heap   total 71680K, used 26343K [0x00000000c0000000, 0x0000000100000000)
  region size 1024K, 1 young (1024K), 0 survivors (0K)
 Metaspace       used 45121K, committed 45696K, reserved 1114112K
  class space    used 5892K, committed 6144K, reserved 1048576K
}
Event: 451631.942 GC heap after
{Heap after GC invocations=10697 (full 10668):
 garbage-first heap   total 71680K, used 26343K [0x00000000c0000000, 0x0000000100000000)
  region size 1024K, 0 young (0K), 0 survivors (0K)
 Metaspace       used 45121K, committed 45696K, reserved 1114112K
  class space    used 5892K, committed 6144K, reserved 1048576K
}
Event: 451642.184 GC heap before
{Heap before GC invocations=10697 (full 10668):
 garbage-first heap   total 71680K, used 26343K [0x00000000c0000000, 0x0000000100000000)
  region size 1024K, 1 young (1024K), 0 survivors (0K)
 Metaspace       used 45121K, committed 45696K, reserved 1114112K
  class space    used 5892K, committed 6144K, reserved 1048576K
}
Event: 451642.218 GC heap after
{Heap after GC invocations=10698 (full 10669):
 garbage-first heap   total 71680K, used 26343K [0x00000000c0000000, 0x0000000100000000)
  region size 1024K, 0 young (0K), 0 survivors (0K)
 Metaspace       used 45121K, committed 45696K, reserved 1114112K
  class space    used 5892K, committed 6144K, reserved 1048576K
}
Event: 451652.471 GC heap before
{Heap before GC invocations=10698 (full 10669):
 garbage-first heap   total 71680K, used 26343K [0x00000000c0000000, 0x0000000100000000)
  region size 1024K, 1 young (1024K), 0 survivors (0K)
 Metaspace       used 45121K, committed 45696K, reserved 1114112K
  class space    used 5892K, committed 6144K, reserved 1048576K
}
Event: 451652.502 GC heap after
{Heap after GC invocations=10699 (full 10670):
 garbage-first heap   total 71680K, used 26343K [0x00000000c0000000, 0x0000000100000000)
  region size 1024K, 0 young (0K), 0 survivors (0K)
 Metaspace       used 45121K, committed 45696K, reserved 1114112K
  class space    used 5892K, committed 6144K, reserved 1048576K
}
Event: 451662.728 GC heap before
{Heap before GC invocations=10699 (full 10670):
 garbage-first heap   total 71680K, used 26343K [0x00000000c0000000, 0x0000000100000000)
  region size 1024K, 1 young (1024K), 0 survivors (0K)
 Metaspace       used 45121K, committed 45696K, reserved 1114112K
  class space    used 5892K, committed 6144K, reserved 1048576K
}
Event: 451662.771 GC heap after
{Heap after GC invocations=10700 (full 10671):
 garbage-first heap   total 71680K, used 26343K [0x00000000c0000000, 0x0000000100000000)
  region size 1024K, 0 young (0K), 0 survivors (0K)
 Metaspace       used 45121K, committed 45696K, reserved 1114112K
  class space    used 5892K, committed 6144K, reserved 1048576K
}
Event: 451672.974 GC heap before
{Heap before GC invocations=10700 (full 10671):
 garbage-first heap   total 71680K, used 26343K [0x00000000c0000000, 0x0000000100000000)
  region size 1024K, 1 young (1024K), 0 survivors (0K)
 Metaspace       used 45121K, committed 45696K, reserved 1114112K
  class space    used 5892K, committed 6144K, reserved 1048576K
}
Event: 451673.014 GC heap after
{Heap after GC invocations=10701 (full 10672):
 garbage-first heap   total 71680K, used 26343K [0x00000000c0000000, 0x0000000100000000)
  region size 1024K, 0 young (0K), 0 survivors (0K)
 Metaspace       used 45121K, committed 45696K, reserved 1114112K
  class space    used 5892K, committed 6144K, reserved 1048576K
}
Event: 451683.230 GC heap before
{Heap before GC invocations=10701 (full 10672):
 garbage-first heap   total 71680K, used 26343K [0x00000000c0000000, 0x0000000100000000)
  region size 1024K, 1 young (1024K), 0 survivors (0K)
 Metaspace       used 45121K, committed 45696K, reserved 1114112K
  class space    used 5892K, committed 6144K, reserved 1048576K
}
Event: 451683.273 GC heap after
{Heap after GC invocations=10702 (full 10673):
 garbage-first heap   total 71680K, used 26343K [0x00000000c0000000, 0x0000000100000000)
  region size 1024K, 0 young (0K), 0 survivors (0K)
 Metaspace       used 45121K, committed 45696K, reserved 1114112K
  class space    used 5892K, committed 6144K, reserved 1048576K
}
Event: 451693.481 GC heap before
{Heap before GC invocations=10702 (full 10673):
 garbage-first heap   total 71680K, used 26343K [0x00000000c0000000, 0x0000000100000000)
  region size 1024K, 1 young (1024K), 0 survivors (0K)
 Metaspace       used 45121K, committed 45696K, reserved 1114112K
  class space    used 5892K, committed 6144K, reserved 1048576K
}
Event: 451693.532 GC heap after
{Heap after GC invocations=10703 (full 10674):
 garbage-first heap   total 71680K, used 26343K [0x00000000c0000000, 0x0000000100000000)
  region size 1024K, 0 young (0K), 0 survivors (0K)
 Metaspace       used 45121K, committed 45696K, reserved 1114112K
  class space    used 5892K, committed 6144K, reserved 1048576K
}
Event: 451703.805 GC heap before
{Heap before GC invocations=10703 (full 10674):
 garbage-first heap   total 71680K, used 26343K [0x00000000c0000000, 0x0000000100000000)
  region size 1024K, 1 young (1024K), 0 survivors (0K)
 Metaspace       used 45121K, committed 45696K, reserved 1114112K
  class space    used 5892K, committed 6144K, reserved 1048576K
}
Event: 451703.844 GC heap after
{Heap after GC invocations=10704 (full 10675):
 garbage-first heap   total 71680K, used 26343K [0x00000000c0000000, 0x0000000100000000)
  region size 1024K, 0 young (0K), 0 survivors (0K)
 Metaspace       used 45121K, committed 45696K, reserved 1114112K
  class space    used 5892K, committed 6144K, reserved 1048576K
}
Event: 451714.093 GC heap before
{Heap before GC invocations=10704 (full 10675):
 garbage-first heap   total 71680K, used 26343K [0x00000000c0000000, 0x0000000100000000)
  region size 1024K, 1 young (1024K), 0 survivors (0K)
 Metaspace       used 45131K, committed 45696K, reserved 1114112K
  class space    used 5893K, committed 6144K, reserved 1048576K
}
Event: 451714.134 GC heap after
{Heap after GC invocations=10705 (full 10676):
 garbage-first heap   total 71680K, used 26356K [0x00000000c0000000, 0x0000000100000000)
  region size 1024K, 0 young (0K), 0 survivors (0K)
 Metaspace       used 45131K, committed 45696K, reserved 1114112K
  class space    used 5893K, committed 6144K, reserved 1048576K
}
Event: 451724.395 GC heap before
{Heap before GC invocations=10705 (full 10676):
 garbage-first heap   total 71680K, used 26356K [0x00000000c0000000, 0x0000000100000000)
  region size 1024K, 1 young (1024K), 0 survivors (0K)
 Metaspace       used 45131K, committed 45696K, reserved 1114112K
  class space    used 5893K, committed 6144K, reserved 1048576K
}

