# JRE version: OpenJDK Runtime Environment Corretto-17.0.11.9.1 (17.0.11+9) (build 17.0.11+9-LTS)
# Java VM: OpenJDK 64-Bit Server VM Corretto-17.0.11.9.1 (17.0.11+9-LTS, mixed mode, sharing, tiered, compressed oops, compressed class ptrs, g1 gc, windows-amd64)
GC Precious Log:
 CPUs: 4 total, 4 available
 Memory: 8039M
 Large Page Support: Disabled
 NUMA Support: Disabled
 Compressed Oops: Enabled (32-bit)
 Heap Region Size: 1M
 Heap Min Capacity: 8M
 Heap Initial Capacity: 126M
 Heap Max Capacity: 2010M
 Pre-touch: Disabled
 Parallel Workers: 4
 Concurrent Workers: 1
 Concurrent Refinement Workers: 4
 Periodic GC: Disabled
Heap:
 garbage-first heap   total 63488K, used 48965K [0x0000000082600000, 0x0000000100000000)
  region size 1024K, 17 young (17408K), 1 survivors (1024K)
 Metaspace       used 74980K, committed 75584K, reserved 1114112K
  class space    used 10083K, committed 10368K, reserved 1048576K
GC Heap History (20 events):
Event: 48.095 GC heap before
{Heap before GC invocations=15 (full 0):
 garbage-first heap   total 58368K, used 45925K [0x0000000082600000, 0x0000000100000000)
  region size 1024K, 21 young (21504K), 2 survivors (2048K)
 Metaspace       used 43538K, committed 44032K, reserved 1114112K
  class space    used 5678K, committed 5888K, reserved 1048576K
}
Event: 48.104 GC heap after
{Heap after GC invocations=16 (full 0):
 garbage-first heap   total 58368K, used 27637K [0x0000000082600000, 0x0000000100000000)
  region size 1024K, 2 young (2048K), 2 survivors (2048K)
 Metaspace       used 43538K, committed 44032K, reserved 1114112K
  class space    used 5678K, committed 5888K, reserved 1048576K
}
Event: 56.772 GC heap before
{Heap before GC invocations=16 (full 0):
 garbage-first heap   total 58368K, used 46069K [0x0000000082600000, 0x0000000100000000)
  region size 1024K, 20 young (20480K), 2 survivors (2048K)
 Metaspace       used 44737K, committed 45184K, reserved 1114112K
  class space    used 5879K, committed 6080K, reserved 1048576K
}
Event: 56.777 GC heap after
{Heap after GC invocations=17 (full 0):
 garbage-first heap   total 58368K, used 28491K [0x0000000082600000, 0x0000000100000000)
  region size 1024K, 3 young (3072K), 3 survivors (3072K)
 Metaspace       used 44737K, committed 45184K, reserved 1114112K
  class space    used 5879K, committed 6080K, reserved 1048576K
}
Event: 59.086 GC heap before
{Heap before GC invocations=18 (full 0):
 garbage-first heap   total 58368K, used 46923K [0x0000000082600000, 0x0000000100000000)
  region size 1024K, 21 young (21504K), 3 survivors (3072K)
 Metaspace       used 49335K, committed 49920K, reserved 1114112K
  class space    used 6552K, committed 6848K, reserved 1048576K
}
Event: 59.091 GC heap after
{Heap after GC invocations=19 (full 0):
 garbage-first heap   total 58368K, used 29430K [0x0000000082600000, 0x0000000100000000)
  region size 1024K, 2 young (2048K), 2 survivors (2048K)
 Metaspace       used 49335K, committed 49920K, reserved 1114112K
  class space    used 6552K, committed 6848K, reserved 1048576K
}
Event: 61.137 GC heap before
{Heap before GC invocations=19 (full 0):
 garbage-first heap   total 58368K, used 47862K [0x0000000082600000, 0x0000000100000000)
  region size 1024K, 20 young (20480K), 2 survivors (2048K)
 Metaspace       used 57713K, committed 58304K, reserved 1114112K
  class space    used 7560K, committed 7872K, reserved 1048576K
}
Event: 61.145 GC heap after
{Heap after GC invocations=20 (full 0):
 garbage-first heap   total 58368K, used 31533K [0x0000000082600000, 0x0000000100000000)
  region size 1024K, 3 young (3072K), 3 survivors (3072K)
 Metaspace       used 57713K, committed 58304K, reserved 1114112K
  class space    used 7560K, committed 7872K, reserved 1048576K
}
Event: 62.857 GC heap before
{Heap before GC invocations=21 (full 0):
 garbage-first heap   total 58368K, used 46893K [0x0000000082600000, 0x0000000100000000)
  region size 1024K, 19 young (19456K), 3 survivors (3072K)
 Metaspace       used 60739K, committed 61312K, reserved 1114112K
  class space    used 7991K, committed 8256K, reserved 1048576K
}
Event: 62.864 GC heap after
{Heap after GC invocations=22 (full 0):
 garbage-first heap   total 58368K, used 32699K [0x0000000082600000, 0x0000000100000000)
  region size 1024K, 2 young (2048K), 2 survivors (2048K)
 Metaspace       used 60739K, committed 61312K, reserved 1114112K
  class space    used 7991K, committed 8256K, reserved 1048576K
}
Event: 65.357 GC heap before
{Heap before GC invocations=22 (full 0):
 garbage-first heap   total 58368K, used 46011K [0x0000000082600000, 0x0000000100000000)
  region size 1024K, 16 young (16384K), 2 survivors (2048K)
 Metaspace       used 63539K, committed 64064K, reserved 1114112K
  class space    used 8321K, committed 8576K, reserved 1048576K
}
Event: 65.362 GC heap after
{Heap after GC invocations=23 (full 0):
 garbage-first heap   total 58368K, used 33270K [0x0000000082600000, 0x0000000100000000)
  region size 1024K, 1 young (1024K), 1 survivors (1024K)
 Metaspace       used 63539K, committed 64064K, reserved 1114112K
  class space    used 8321K, committed 8576K, reserved 1048576K
}
Event: 67.237 GC heap before
{Heap before GC invocations=24 (full 0):
 garbage-first heap   total 58368K, used 46582K [0x0000000082600000, 0x0000000100000000)
  region size 1024K, 15 young (15360K), 1 survivors (1024K)
 Metaspace       used 68085K, committed 68672K, reserved 1114112K
  class space    used 9116K, committed 9408K, reserved 1048576K
}
Event: 67.240 GC heap after
{Heap after GC invocations=25 (full 0):
 garbage-first heap   total 58368K, used 33775K [0x0000000082600000, 0x0000000100000000)
  region size 1024K, 2 young (2048K), 2 survivors (2048K)
 Metaspace       used 68085K, committed 68672K, reserved 1114112K
  class space    used 9116K, committed 9408K, reserved 1048576K
}
Event: 68.694 GC heap before
{Heap before GC invocations=25 (full 0):
 garbage-first heap   total 58368K, used 48111K [0x0000000082600000, 0x0000000100000000)
  region size 1024K, 16 young (16384K), 2 survivors (2048K)
 Metaspace       used 70469K, committed 71104K, reserved 1114112K
  class space    used 9477K, committed 9792K, reserved 1048576K
}
Event: 68.698 GC heap after
{Heap after GC invocations=26 (full 0):
 garbage-first heap   total 58368K, used 34365K [0x0000000082600000, 0x0000000100000000)
  region size 1024K, 2 young (2048K), 2 survivors (2048K)
 Metaspace       used 70469K, committed 71104K, reserved 1114112K
  class space    used 9477K, committed 9792K, reserved 1048576K
}
Event: 69.948 GC heap before
{Heap before GC invocations=27 (full 0):
 garbage-first heap   total 63488K, used 45629K [0x0000000082600000, 0x0000000100000000)
  region size 1024K, 14 young (14336K), 2 survivors (2048K)
 Metaspace       used 73278K, committed 73856K, reserved 1114112K
  class space    used 9923K, committed 10240K, reserved 1048576K
}
Event: 69.951 GC heap after
{Heap after GC invocations=28 (full 0):
 garbage-first heap   total 63488K, used 35003K [0x0000000082600000, 0x0000000100000000)
  region size 1024K, 2 young (2048K), 2 survivors (2048K)
 Metaspace       used 73278K, committed 73856K, reserved 1114112K
  class space    used 9923K, committed 10240K, reserved 1048576K
}
Event: 70.002 GC heap before
{Heap before GC invocations=28 (full 0):
 garbage-first heap   total 63488K, used 36027K [0x0000000082600000, 0x0000000100000000)
  region size 1024K, 3 young (3072K), 2 survivors (2048K)
 Metaspace       used 73301K, committed 73920K, reserved 1114112K
  class space    used 9924K, committed 10240K, reserved 1048576K
}
Event: 70.008 GC heap after
{Heap after GC invocations=29 (full 0):
 garbage-first heap   total 63488K, used 34629K [0x0000000082600000, 0x0000000100000000)
  region size 1024K, 1 young (1024K), 1 survivors (1024K)
 Metaspace       used 73301K, committed 73920K, reserved 1114112K
  class space    used 9924K, committed 10240K, reserved 1048576K
}

